<?xml version="1.0" encoding="utf-8"?><testsuites name="pytest tests"><testsuite name="pytest" errors="0" failures="0" skipped="0" tests="13" time="3.332" timestamp="2026-06-19T02:22:56.701684+00:00" hostname="agent-env-c2e3c925-b7ce-4d75-a105-945dbbb6a4b2"><testcase classname="backend.tests.backend_test.TestAuth" name="test_root" time="0.117" /><testcase classname="backend.tests.backend_test.TestAuth" name="test_login_demo" time="0.401" /><testcase classname="backend.tests.backend_test.TestAuth" name="test_login_bad_password" time="0.313" /><testcase classname="backend.tests.backend_test.TestAuth" name="test_register_and_me" time="0.360" /><testcase classname="backend.tests.backend_test.TestAuth" name="test_register_duplicate" time="0.138" /><testcase classname="backend.tests.backend_test.TestAuth" name="test_unauth_me" time="0.093" /><testcase classname="backend.tests.backend_test.TestAuth" name="test_update_profile" time="0.093" /><testcase classname="backend.tests.backend_test.TestHabits" name="test_habit_crud_and_toggle" time="0.288" /><testcase classname="backend.tests.backend_test.TestGoals" name="test_goal_crud_and_milestone_toggle" time="0.279" /><testcase classname="backend.tests.backend_test.TestJournal" name="test_journal_crud" time="0.190" /><testcase classname="backend.tests.backend_test.TestDashboard" name="test_dashboard_shape" time="0.053" /><testcase classname="backend.tests.backend_test.TestCoach" name="test_coach_chat_real_groq" time="0.873" /><testcase classname="backend.tests.backend_test.TestLogout" name="test_logout" time="0.044" /></testsuite></testsuites>