<?xml version="1.0" encoding="utf-8"?><testsuites name="pytest tests"><testsuite name="pytest" errors="0" failures="0" skipped="0" tests="27" time="12.831" timestamp="2026-06-19T03:03:55.979646+00:00" hostname="agent-env-c2e3c925-b7ce-4d75-a105-945dbbb6a4b2"><testcase classname="backend.tests.backend_test.TestAuth" name="test_root" time="0.166" /><testcase classname="backend.tests.backend_test.TestAuth" name="test_login_demo" time="0.371" /><testcase classname="backend.tests.backend_test.TestAuth" name="test_login_bad_password" time="0.312" /><testcase classname="backend.tests.backend_test.TestAuth" name="test_register_and_me" time="0.358" /><testcase classname="backend.tests.backend_test.TestAuth" name="test_register_duplicate" time="0.099" /><testcase classname="backend.tests.backend_test.TestAuth" name="test_unauth_me" time="0.084" /><testcase classname="backend.tests.backend_test.TestAuth" name="test_update_profile" time="0.128" /><testcase classname="backend.tests.backend_test.TestHabits" name="test_habit_crud_and_toggle" time="0.303" /><testcase classname="backend.tests.backend_test.TestGoals" name="test_goal_crud_and_milestone_toggle" time="0.313" /><testcase classname="backend.tests.backend_test.TestJournal" name="test_journal_crud" time="0.171" /><testcase classname="backend.tests.backend_test.TestDashboard" name="test_dashboard_shape" time="0.047" /><testcase classname="backend.tests.backend_test.TestCoach" name="test_coach_chat_real_groq" time="0.904" /><testcase classname="backend.tests.backend_test.TestLogout" name="test_logout" time="0.042" /><testcase classname="backend.tests.test_modules.TestFinance" name="test_plaid_link_token" time="0.634" /><testcase classname="backend.tests.test_modules.TestFinance" name="test_manual_transaction_and_summary" time="0.179" /><testcase classname="backend.tests.test_modules.TestFinance" name="test_assets" time="0.094" /><testcase classname="backend.tests.test_modules.TestFitness" name="test_workout_create_list_summary" time="0.166" /><testcase classname="backend.tests.test_modules.TestFitness" name="test_weight_log" time="0.094" /><testcase classname="backend.tests.test_modules.TestFitness" name="test_fitness_analyze_ai" time="1.370" /><testcase classname="backend.tests.test_modules.TestNutrition" name="test_log_meal_and_summary" time="0.136" /><testcase classname="backend.tests.test_modules.TestNutrition" name="test_set_goal" time="0.092" /><testcase classname="backend.tests.test_modules.TestCommunication" name="test_modes" time="0.049" /><testcase classname="backend.tests.test_modules.TestCommunication" name="test_session_start_and_reply" time="0.855" /><testcase classname="backend.tests.test_modules.TestCommunication" name="test_progress" time="0.044" /><testcase classname="backend.tests.test_modules.TestReports" name="test_weekly_report" time="3.168" /><testcase classname="backend.tests.test_modules.TestReports" name="test_monthly_report" time="2.495" /><testcase classname="backend.tests.test_modules.TestDashboardKeys" name="test_dashboard_demo" time="0.053" /></testsuite></testsuites>